INFO [03-10|11:38:57.391] Starting Geth in ephemeral dev mode... 
INFO [03-10|11:38:57.392] Maximum peer count                       ETH=50 LES=0 total=50
INFO [03-10|11:38:57.410] Set global gas cap                       cap=25000000
INFO [03-10|11:38:59.500] Using developer account                  address=0xA4cEc6dA1921d67E1Ef7a4bCc962B5329e97a47e
INFO [03-10|11:38:59.500] Allocated cache and file handles         database=/Users/sj/downloads/tornado/deng/node/DApp/ethData/geth/chaindata cache=512.00MiB handles=5120
INFO [03-10|11:38:59.610] Opened ancient database                  database=/Users/sj/downloads/tornado/deng/node/DApp/ethData/geth/chaindata/ancient
INFO [03-10|11:38:59.611] Freezer shutting down 
INFO [03-10|11:38:59.611] Allocated trie memory caches             clean=256.00MiB dirty=256.00MiB
INFO [03-10|11:38:59.611] Allocated cache and file handles         database=/Users/sj/downloads/tornado/deng/node/DApp/ethData/geth/chaindata cache=512.00MiB handles=5120
INFO [03-10|11:38:59.673] Opened ancient database                  database=/Users/sj/downloads/tornado/deng/node/DApp/ethData/geth/chaindata/ancient
INFO [03-10|11:38:59.673] Writing custom genesis block 
INFO [03-10|11:38:59.675] Persisted trie from memory database      nodes=13 size=1.90KiB time="341.828µs" gcnodes=0 gcsize=0.00B gctime=0s livenodes=1 livesize=0.00B
INFO [03-10|11:38:59.676] Initialised chain configuration          config="{ChainID: 1337 Homestead: 0 DAO: <nil> DAOSupport: false EIP150: 0 EIP155: 0 EIP158: 0 Byzantium: 0 Constantinople: 0 Petersburg: 0 Istanbul: 0, Muir Glacier: <nil>, YOLO v2: <nil>, Engine: clique}"
INFO [03-10|11:38:59.676] Initialising Ethereum protocol           versions="[65 64 63]" network=1337 dbversion=<nil>
WARN [03-10|11:38:59.676] Upgrade blockchain database version      from=<nil> to=8
INFO [03-10|11:38:59.677] Loaded most recent local header          number=0 hash="0713e5…e0101d" td=1 age=51y11mo6d
INFO [03-10|11:38:59.677] Loaded most recent local full block      number=0 hash="0713e5…e0101d" td=1 age=51y11mo6d
INFO [03-10|11:38:59.677] Loaded most recent local fast block      number=0 hash="0713e5…e0101d" td=1 age=51y11mo6d
INFO [03-10|11:38:59.678] Regenerated local transaction journal    transactions=0 accounts=0
INFO [03-10|11:38:59.816] Allocated fast sync bloom                size=512.00MiB
INFO [03-10|11:38:59.816] Initialized fast sync bloom              items=13 errorrate=0.000 elapsed="59.702µs"
INFO [03-10|11:38:59.817] Starting peer-to-peer node               instance=Geth/v1.9.25-stable/darwin-amd64/go1.15.5
INFO [03-10|11:38:59.817] Stored checkpoint snapshot to disk       number=0 hash="0713e5…e0101d"
INFO [03-10|11:38:59.854] New local node record                    seq=1 id=1d20b904d7902a6a ip=127.0.0.1 udp=0 tcp=49668
INFO [03-10|11:38:59.854] Started P2P networking                   self="enode://028f929b6bc1e3cb08e1d8e3b450ed9e390cf72d9aad54b41ecd115110d50f79dc51489a655174bb3c65fbf809cefcd752a2a6b4dd7608d1322def596281805c@127.0.0.1:49668?discport=0"
INFO [03-10|11:38:59.855] IPC endpoint opened                      url=/Users/sj/downloads/tornado/deng/node/DApp/ethData/geth.ipc
INFO [03-10|11:38:59.855] Transaction pool price threshold updated price=1000000000
INFO [03-10|11:38:59.855] Transaction pool price threshold updated price=1
INFO [03-10|11:38:59.855] Etherbase automatically configured       address=0xA4cEc6dA1921d67E1Ef7a4bCc962B5329e97a47e
INFO [03-10|11:38:59.855] Sealing paused, waiting for transactions 
INFO [03-10|11:38:59.855] Commit new mining work                   number=1 sealhash="8c6358…66f367" uncles=0 txs=0 gas=0 fees=0 elapsed="178.437µs"
INFO [03-10|11:39:07.057] IPC endpoint closed                      url=/Users/sj/downloads/tornado/deng/node/DApp/ethData/geth.ipc
INFO [03-10|11:39:07.080] Deallocated fast sync bloom              items=13 errorrate=0.000
INFO [03-10|11:39:07.080] Ethereum protocol stopped 
INFO [03-10|11:39:07.080] Transaction pool stopped 
INFO [03-10|11:39:07.080] Writing clean trie cache to disk         path=/Users/sj/downloads/tornado/deng/node/DApp/ethData/geth/triecache threads=8
INFO [03-10|11:39:07.084] Persisted the clean trie cache           path=/Users/sj/downloads/tornado/deng/node/DApp/ethData/geth/triecache elapsed=3.547ms
INFO [03-10|11:39:07.084] Blockchain stopped 
INFO [03-10|11:44:13.655] Starting Geth in ephemeral dev mode... 
INFO [03-10|11:44:13.656] Maximum peer count                       ETH=50 LES=0 total=50
WARN [03-10|11:44:13.656] The flag --rpc is deprecated and will be removed in the future, please use --http 
WARN [03-10|11:44:13.656] The flag --rpcapi is deprecated and will be removed in the future, please use --http.api 
INFO [03-10|11:44:13.675] Set global gas cap                       cap=25000000
INFO [03-10|11:44:14.405] Using developer account                  address=0xA4cEc6dA1921d67E1Ef7a4bCc962B5329e97a47e
INFO [03-10|11:44:14.405] Allocated cache and file handles         database=/Users/sj/downloads/tornado/deng/node/DApp/ethData/geth/chaindata cache=512.00MiB handles=5120
INFO [03-10|11:44:14.493] Opened ancient database                  database=/Users/sj/downloads/tornado/deng/node/DApp/ethData/geth/chaindata/ancient
INFO [03-10|11:44:14.493] Freezer shutting down 
INFO [03-10|11:44:14.494] Allocated trie memory caches             clean=256.00MiB dirty=256.00MiB
INFO [03-10|11:44:14.494] Allocated cache and file handles         database=/Users/sj/downloads/tornado/deng/node/DApp/ethData/geth/chaindata cache=512.00MiB handles=5120
INFO [03-10|11:44:14.546] Opened ancient database                  database=/Users/sj/downloads/tornado/deng/node/DApp/ethData/geth/chaindata/ancient
INFO [03-10|11:44:14.547] Initialised chain configuration          config="{ChainID: 1337 Homestead: 0 DAO: <nil> DAOSupport: false EIP150: 0 EIP155: 0 EIP158: 0 Byzantium: 0 Constantinople: 0 Petersburg: 0 Istanbul: 0, Muir Glacier: <nil>, YOLO v2: <nil>, Engine: clique}"
INFO [03-10|11:44:14.547] Initialising Ethereum protocol           versions="[65 64 63]" network=1337 dbversion=8
INFO [03-10|11:44:14.548] Loaded most recent local header          number=0 hash="0713e5…e0101d" td=1 age=51y11mo6d
INFO [03-10|11:44:14.548] Loaded most recent local full block      number=0 hash="0713e5…e0101d" td=1 age=51y11mo6d
INFO [03-10|11:44:14.548] Loaded most recent local fast block      number=0 hash="0713e5…e0101d" td=1 age=51y11mo6d
INFO [03-10|11:44:14.548] Loaded local transaction journal         transactions=0 dropped=0
INFO [03-10|11:44:14.549] Regenerated local transaction journal    transactions=0 accounts=0
INFO [03-10|11:44:14.799] Allocated fast sync bloom                size=512.00MiB
INFO [03-10|11:44:14.799] Initialized fast sync bloom              items=13 errorrate=0.000 elapsed="160.362µs"
INFO [03-10|11:44:14.799] Starting peer-to-peer node               instance=Geth/v1.9.25-stable/darwin-amd64/go1.15.5
INFO [03-10|11:44:14.847] New local node record                    seq=2 id=1d20b904d7902a6a ip=127.0.0.1 udp=0 tcp=49732
INFO [03-10|11:44:14.847] Started P2P networking                   self="enode://028f929b6bc1e3cb08e1d8e3b450ed9e390cf72d9aad54b41ecd115110d50f79dc51489a655174bb3c65fbf809cefcd752a2a6b4dd7608d1322def596281805c@127.0.0.1:49732?discport=0"
INFO [03-10|11:44:14.849] IPC endpoint opened                      url=/Users/sj/downloads/tornado/deng/node/DApp/ethData/geth.ipc
ERROR[03-10|11:44:14.849] Unavailable modules in HTTP API list     unavailable=[db] available="[admin debug web3 eth txpool personal clique miner net]"
INFO [03-10|11:44:14.851] HTTP server started                      endpoint=127.0.0.1:8545 cors= vhosts=localhost
INFO [03-10|11:44:14.851] Transaction pool price threshold updated price=1000000000
INFO [03-10|11:44:14.852] Transaction pool price threshold updated price=1
INFO [03-10|11:44:14.852] Etherbase automatically configured       address=0xA4cEc6dA1921d67E1Ef7a4bCc962B5329e97a47e
INFO [03-10|11:44:14.852] Commit new mining work                   number=1 sealhash="4baec4…2e91d7" uncles=0 txs=0 gas=0 fees=0 elapsed="238.809µs"
INFO [03-10|11:44:14.852] Sealing paused, waiting for transactions 
INFO [03-10|11:50:57.772] HTTP server stopped                      endpoint=127.0.0.1:8545
INFO [03-10|11:50:57.773] IPC endpoint closed                      url=/Users/sj/downloads/tornado/deng/node/DApp/ethData/geth.ipc
INFO [03-10|11:50:57.791] Deallocated fast sync bloom              items=13 errorrate=0.000
INFO [03-10|11:50:57.792] Ethereum protocol stopped 
INFO [03-10|11:50:57.792] Transaction pool stopped 
INFO [03-10|11:50:57.792] Writing clean trie cache to disk         path=/Users/sj/downloads/tornado/deng/node/DApp/ethData/geth/triecache threads=8
INFO [03-10|11:50:57.797] Persisted the clean trie cache           path=/Users/sj/downloads/tornado/deng/node/DApp/ethData/geth/triecache elapsed=5.053ms
INFO [03-10|11:50:57.797] Blockchain stopped 
flag provided but not defined: -datatadir
INFO [03-10|11:52:02.106] Starting Geth in ephemeral dev mode... 
INFO [03-10|11:52:02.107] Maximum peer count                       ETH=50 LES=0 total=50
INFO [03-10|11:52:02.133] Set global gas cap                       cap=25000000
INFO [03-10|11:52:02.861] Using developer account                  address=0xA4cEc6dA1921d67E1Ef7a4bCc962B5329e97a47e
INFO [03-10|11:52:02.861] Allocated cache and file handles         database=/Users/sj/downloads/tornado/deng/node/DApp/ethData/geth/chaindata cache=512.00MiB handles=5120
INFO [03-10|11:52:02.911] Opened ancient database                  database=/Users/sj/downloads/tornado/deng/node/DApp/ethData/geth/chaindata/ancient
INFO [03-10|11:52:02.911] Freezer shutting down 
INFO [03-10|11:52:02.912] Allocated trie memory caches             clean=256.00MiB dirty=256.00MiB
INFO [03-10|11:52:02.912] Allocated cache and file handles         database=/Users/sj/downloads/tornado/deng/node/DApp/ethData/geth/chaindata cache=512.00MiB handles=5120
INFO [03-10|11:52:02.965] Opened ancient database                  database=/Users/sj/downloads/tornado/deng/node/DApp/ethData/geth/chaindata/ancient
INFO [03-10|11:52:02.965] Initialised chain configuration          config="{ChainID: 1337 Homestead: 0 DAO: <nil> DAOSupport: false EIP150: 0 EIP155: 0 EIP158: 0 Byzantium: 0 Constantinople: 0 Petersburg: 0 Istanbul: 0, Muir Glacier: <nil>, YOLO v2: <nil>, Engine: clique}"
INFO [03-10|11:52:02.965] Initialising Ethereum protocol           versions="[65 64 63]" network=1337 dbversion=8
INFO [03-10|11:52:02.967] Loaded most recent local header          number=0 hash="0713e5…e0101d" td=1 age=51y11mo6d
INFO [03-10|11:52:02.967] Loaded most recent local full block      number=0 hash="0713e5…e0101d" td=1 age=51y11mo6d
INFO [03-10|11:52:02.967] Loaded most recent local fast block      number=0 hash="0713e5…e0101d" td=1 age=51y11mo6d
INFO [03-10|11:52:02.967] Loaded local transaction journal         transactions=0 dropped=0
INFO [03-10|11:52:02.967] Regenerated local transaction journal    transactions=0 accounts=0
INFO [03-10|11:52:03.215] Allocated fast sync bloom                size=512.00MiB
INFO [03-10|11:52:03.216] Initialized fast sync bloom              items=13 errorrate=0.000 elapsed="324.861µs"
INFO [03-10|11:52:03.216] Starting peer-to-peer node               instance=Geth/v1.9.25-stable/darwin-amd64/go1.15.5
INFO [03-10|11:52:03.266] New local node record                    seq=3 id=1d20b904d7902a6a ip=127.0.0.1 udp=0 tcp=49759
INFO [03-10|11:52:03.266] Started P2P networking                   self="enode://028f929b6bc1e3cb08e1d8e3b450ed9e390cf72d9aad54b41ecd115110d50f79dc51489a655174bb3c65fbf809cefcd752a2a6b4dd7608d1322def596281805c@127.0.0.1:49759?discport=0"
INFO [03-10|11:52:03.267] IPC endpoint opened                      url=/Users/sj/downloads/tornado/deng/node/DApp/ethData/geth.ipc
INFO [03-10|11:52:03.267] Transaction pool price threshold updated price=1000000000
INFO [03-10|11:52:03.267] Transaction pool price threshold updated price=1
INFO [03-10|11:52:03.267] Etherbase automatically configured       address=0xA4cEc6dA1921d67E1Ef7a4bCc962B5329e97a47e
INFO [03-10|11:52:03.267] Commit new mining work                   number=1 sealhash="ffdbe3…3e8ea4" uncles=0 txs=0 gas=0 fees=0 elapsed="120.697µs"
INFO [03-10|11:52:03.267] Sealing paused, waiting for transactions 
INFO [03-10|11:53:14.665] IPC endpoint closed                      url=/Users/sj/downloads/tornado/deng/node/DApp/ethData/geth.ipc
INFO [03-10|11:53:14.749] Deallocated fast sync bloom              items=13 errorrate=0.000
INFO [03-10|11:53:14.749] Ethereum protocol stopped 
INFO [03-10|11:53:14.749] Transaction pool stopped 
INFO [03-10|11:53:14.749] Writing clean trie cache to disk         path=/Users/sj/downloads/tornado/deng/node/DApp/ethData/geth/triecache threads=8
INFO [03-10|11:53:14.754] Persisted the clean trie cache           path=/Users/sj/downloads/tornado/deng/node/DApp/ethData/geth/triecache elapsed=5.112ms
INFO [03-10|11:53:14.754] Blockchain stopped 
INFO [03-10|11:54:35.184] Starting Geth on Ethereum mainnet... 
INFO [03-10|11:54:35.185] Maximum peer count                       ETH=50 LES=0 total=50
INFO [03-10|11:54:35.204] Set global gas cap                       cap=25000000
INFO [03-10|11:54:35.205] Allocated trie memory caches             clean=127.00MiB dirty=128.00MiB
INFO [03-10|11:54:35.205] Allocated cache and file handles         database=/Users/sj/downloads/tornado/deng/node/DApp/ethData/geth/chaindata cache=256.00MiB handles=5120
INFO [03-10|11:54:35.252] Opened ancient database                  database=/Users/sj/downloads/tornado/deng/node/DApp/ethData/geth/chaindata/ancient
INFO [03-10|11:54:35.253] Initialised chain configuration          config="{ChainID: 1337 Homestead: 0 DAO: <nil> DAOSupport: false EIP150: 0 EIP155: 0 EIP158: 0 Byzantium: 0 Constantinople: 0 Petersburg: 0 Istanbul: 0, Muir Glacier: <nil>, YOLO v2: <nil>, Engine: clique}"
INFO [03-10|11:54:35.253] Initialising Ethereum protocol           versions="[65 64 63]" network=1 dbversion=8
INFO [03-10|11:54:35.254] Loaded most recent local header          number=0 hash="0713e5…e0101d" td=1 age=51y11mo6d
INFO [03-10|11:54:35.254] Loaded most recent local full block      number=0 hash="0713e5…e0101d" td=1 age=51y11mo6d
INFO [03-10|11:54:35.254] Loaded most recent local fast block      number=0 hash="0713e5…e0101d" td=1 age=51y11mo6d
INFO [03-10|11:54:35.255] Loaded local transaction journal         transactions=0 dropped=0
INFO [03-10|11:54:35.256] Regenerated local transaction journal    transactions=0 accounts=0
INFO [03-10|11:54:35.261] Allocated fast sync bloom                size=255.00MiB
INFO [03-10|11:54:35.262] Initialized fast sync bloom              items=13 errorrate=0.000 elapsed="282.997µs"
INFO [03-10|11:54:35.262] Starting peer-to-peer node               instance=Geth/v1.9.25-stable/darwin-amd64/go1.15.5
INFO [03-10|11:54:35.318] New local node record                    seq=4 id=1d20b904d7902a6a ip=127.0.0.1 udp=30303 tcp=30303
INFO [03-10|11:54:35.319] Started P2P networking                   self=enode://028f929b6bc1e3cb08e1d8e3b450ed9e390cf72d9aad54b41ecd115110d50f79dc51489a655174bb3c65fbf809cefcd752a2a6b4dd7608d1322def596281805c@127.0.0.1:30303
INFO [03-10|11:54:35.320] IPC endpoint opened                      url=/Users/sj/downloads/tornado/deng/node/DApp/ethData/geth.ipc
INFO [03-10|11:54:35.369] Etherbase automatically configured       address=0xA4cEc6dA1921d67E1Ef7a4bCc962B5329e97a47e
INFO [03-10|11:54:40.584] New local node record                    seq=5 id=1d20b904d7902a6a ip=61.155.142.120 udp=30303 tcp=30303
INFO [03-10|11:54:45.776] Looking for peers                        peercount=0 tried=3 static=0
INFO [03-10|11:54:56.343] Looking for peers                        peercount=1 tried=6 static=0
INFO [03-10|11:55:06.602] Looking for peers                        peercount=0 tried=5 static=0
INFO [03-10|11:55:16.604] Looking for peers                        peercount=0 tried=2 static=0
INFO [03-10|11:55:26.605] Looking for peers                        peercount=0 tried=5 static=0
INFO [03-10|11:55:36.606] Looking for peers                        peercount=0 tried=6 static=0
INFO [03-10|11:55:46.607] Looking for peers                        peercount=0 tried=4 static=0
INFO [03-10|11:55:56.608] Looking for peers                        peercount=0 tried=3 static=0
INFO [03-10|11:55:57.216] IPC endpoint closed                      url=/Users/sj/downloads/tornado/deng/node/DApp/ethData/geth.ipc
INFO [03-10|11:55:57.220] Deallocated fast sync bloom              items=13 errorrate=0.000
INFO [03-10|11:55:57.220] Ethereum protocol stopped 
INFO [03-10|11:55:57.220] Transaction pool stopped 
INFO [03-10|11:55:57.220] Writing clean trie cache to disk         path=/Users/sj/downloads/tornado/deng/node/DApp/ethData/geth/triecache threads=8
INFO [03-10|11:55:57.224] Persisted the clean trie cache           path=/Users/sj/downloads/tornado/deng/node/DApp/ethData/geth/triecache elapsed=3.913ms
INFO [03-10|11:55:57.224] Blockchain stopped 
INFO [03-10|11:56:07.828] Starting Geth on Ethereum mainnet... 
INFO [03-10|11:56:07.829] Maximum peer count                       ETH=50 LES=0 total=50
INFO [03-10|11:56:07.848] Set global gas cap                       cap=25000000
INFO [03-10|11:56:07.849] Allocated trie memory caches             clean=127.00MiB dirty=128.00MiB
INFO [03-10|11:56:07.849] Allocated cache and file handles         database=/Users/sj/downloads/tornado/deng/node/DApp/ethData/geth/chaindata cache=256.00MiB handles=5120
INFO [03-10|11:56:07.901] Opened ancient database                  database=/Users/sj/downloads/tornado/deng/node/DApp/ethData/geth/chaindata/ancient
INFO [03-10|11:56:07.902] Initialised chain configuration          config="{ChainID: 1337 Homestead: 0 DAO: <nil> DAOSupport: false EIP150: 0 EIP155: 0 EIP158: 0 Byzantium: 0 Constantinople: 0 Petersburg: 0 Istanbul: 0, Muir Glacier: <nil>, YOLO v2: <nil>, Engine: clique}"
INFO [03-10|11:56:07.903] Initialising Ethereum protocol           versions="[65 64 63]" network=1 dbversion=8
INFO [03-10|11:56:07.905] Loaded most recent local header          number=0 hash="0713e5…e0101d" td=1 age=51y11mo6d
INFO [03-10|11:56:07.905] Loaded most recent local full block      number=0 hash="0713e5…e0101d" td=1 age=51y11mo6d
INFO [03-10|11:56:07.905] Loaded most recent local fast block      number=0 hash="0713e5…e0101d" td=1 age=51y11mo6d
INFO [03-10|11:56:07.906] Loaded local transaction journal         transactions=0 dropped=0
INFO [03-10|11:56:07.906] Regenerated local transaction journal    transactions=0 accounts=0
INFO [03-10|11:56:07.912] Allocated fast sync bloom                size=255.00MiB
INFO [03-10|11:56:07.913] Initialized fast sync bloom              items=13 errorrate=0.000 elapsed="491.919µs"
INFO [03-10|11:56:07.913] Starting peer-to-peer node               instance=Geth/v1.9.25-stable/darwin-amd64/go1.15.5
INFO [03-10|11:56:07.977] New local node record                    seq=6 id=1d20b904d7902a6a ip=127.0.0.1 udp=30303 tcp=30303
INFO [03-10|11:56:07.977] Started P2P networking                   self=enode://028f929b6bc1e3cb08e1d8e3b450ed9e390cf72d9aad54b41ecd115110d50f79dc51489a655174bb3c65fbf809cefcd752a2a6b4dd7608d1322def596281805c@127.0.0.1:30303
INFO [03-10|11:56:07.978] IPC endpoint opened                      url=/Users/sj/downloads/tornado/deng/node/DApp/ethData/geth.ipc
INFO [03-10|11:56:08.019] Etherbase automatically configured       address=0xA4cEc6dA1921d67E1Ef7a4bCc962B5329e97a47e
INFO [03-10|11:56:17.984] Looking for peers                        peercount=1 tried=3 static=0
INFO [03-10|11:56:28.945] New local node record                    seq=7 id=1d20b904d7902a6a ip=61.155.142.120 udp=30303 tcp=30303
INFO [03-10|11:56:29.478] Looking for peers                        peercount=1 tried=6 static=0
INFO [03-10|11:56:39.970] Looking for peers                        peercount=0 tried=3 static=0
INFO [03-10|11:56:49.974] Looking for peers                        peercount=0 tried=2 static=0
INFO [03-10|11:56:59.978] Looking for peers                        peercount=0 tried=6 static=0
INFO [03-10|11:57:09.981] Looking for peers                        peercount=0 tried=5 static=0
INFO [03-10|11:57:19.981] Looking for peers                        peercount=0 tried=5 static=0
INFO [03-10|11:57:29.982] Looking for peers                        peercount=1 tried=3 static=0
INFO [03-10|11:57:39.983] Looking for peers                        peercount=0 tried=5 static=0
INFO [03-10|11:57:49.648] IPC endpoint closed                      url=/Users/sj/downloads/tornado/deng/node/DApp/ethData/geth.ipc
INFO [03-10|11:57:49.679] Deallocated fast sync bloom              items=13 errorrate=0.000
INFO [03-10|11:57:49.679] Ethereum protocol stopped 
INFO [03-10|11:57:49.679] Transaction pool stopped 
INFO [03-10|11:57:49.679] Writing clean trie cache to disk         path=/Users/sj/downloads/tornado/deng/node/DApp/ethData/geth/triecache threads=8
INFO [03-10|11:57:49.682] Persisted the clean trie cache           path=/Users/sj/downloads/tornado/deng/node/DApp/ethData/geth/triecache elapsed=3.553ms
INFO [03-10|11:57:49.682] Blockchain stopped 
